..........+..............................................................
.........................................................................
.........................................................................
.........................................................................
.........................................................................
.........................................................................
.........................................................................
.........................................................................
.........................................................................
.........oo..............................................................
........oooo.............................................................
.......oooooo............................................................
......oooooooo...........................................................
.....ooo#oo#ooo..........................................................
....oooo#oo#oooo.........................................................
...ooooo#oo#ooooo........................................................
..#######oo######o.......................................................
..#......oo.....#oo......................................................
..#.....oooo....#ooo.....................................................
..###############oooo....................................................
.................ooooo...................................................
................ooooooo..................................................
...............ooooooooo.................................................
..............ooooooooooo................................................
........################oo...............................................
........................ooo..............................................
.......................ooooo.............................................
.....................######oo............................................
...........................ooo...........................................
..........................ooooo..........................................
..................######.######o.........................................
...............................oo........................................
..............................oooo.......................................
...............######.######.######......................................
.........................................................................
.........................................................................
.........................................................................
..................#......................................................
..................#.....#................................................
..................#.....#................................................
..................#.#...#................................................
..................#.#...#................................................
..................#.#...#................................................
................#.#.#...#................................................
................#.#.#...#................................................
................#.#.#.#.#.........oo.....................................
................#########........oooo....................................
................................oooooo...................................
...............................oooooooo..................................
..............................oooooooooo.................................
.....................#.......oooooo#ooooo................................
.....................###############oooooo...............................
....................................ooooooo..............................
...................................ooooooooo.............................
.................................######oooooo............................
.......................................ooooooo...........................
..............................######.######oooo..........................
...........................................ooooo.........................
...........................######.######.######oo........................
...............................................ooo.......................
........................######.######.######.######......................
.........................................................................
.........................................................................
...........###########...................................................
.........................................................................
.........................................................................
.......######............................................................
.........................................................................
....######.######........................................................
.........................................................................
v######v######.######....................................................
.........................................................................
.........................................................................
.........................................................................
.........................................................................
.......................#.................................................
............v###########.................................................
.........................................................................
.........................................................................
.........................................................................
...................#.....................................................
...................#.....................................................
...................#.....................................................
...................#.....................................................
...................#.#...#...............................................
...................#.#...#...............................................
...................#.#...#...............................................
...................#.#...#...............................................
...................#.#.#.#.#.............................................
...................#########.............................................
.........................................................................
.........................................................................
..........................#####..........................................
.........................................................................
.......................#####.#####.......................................
.........................................................................
....................#####.#####.#####....................................
.........................................................................
................v#####v#####v#####.#####.................................
.........................................................................
.........................................................................
.........................................................................
.........................................................................
....................................#....................................
....................................#....................................
....................................#....................................
....................................#....................................
....................................#.......#............................
....................................#...#.#.#............................
.................................v#.#...#.#.#............................
..................................#.#.#.#.#.#............................
..................................###########............................
.........................................................................
.........................................................................
...........................................#....#........................
...........................................#....#........................
...........................................#....#........................
...........................................#....#........................
..................................v#########....####.....................
...................................#...............#.....................
...................................#...............#.....................
...................................#...............#.....................
...................................#...............#.....................
...................................#...............#.....................
...................................#################.....................
....................................................o....................
...................................................ooo...................
............................................#...#.oooo#..................
............................................#...#ooooo#o.................
............................................#...#ooooo#oo................
.........................................v#.#...#ooooo#ooo...............
..........................................#.#...#ooooo#o#oo..............
..........................................#.#...#o#ooo#o#ooo.............
..........................................#.#...#o#ooo#o#ooo#............
..........................................#.#...#o#ooo#o#o#o#............
..........................................#.#.#.#o#o#o#o#o#o#............
..........................................#.#.#.#o#o#o#o#o#o#............
..........................................###################o...........
.............................................................oo..........
............................................................oooo.........
...........................................................#oooo#........
...........................................................#oooo#........
...........................................................#oooo#........
..................................................v#########oooo##.......
...................................................#........oooo.#.......
...................................................#.......oooooo#.......
...................................................#......ooooooo#.......
...................................................###############.......
.........................................................................
.................................................................oo......
................................................................o#o#.....
...............................................................oo#o#o....
..............................................................ooo#o#oo...
.............................................................oooo#o#ooo..
...........................................................v######o#####v
............................................................#.....o....#.
............................................................#....ooo...#.
............................................................############.
